<?xml version="1.0"?>
<!DOCTYPE coverage SYSTEM "http://cobertura.sourceforge.net/xml/coverage-04.dtd">

<coverage line-rate="0.8006430868167203" branch-rate="0.8494623655913979" lines-covered="249" lines-valid="311" branches-covered="158" branches-valid="186" complexity="2.857142857142857" version="2.1.1" timestamp="1425671764631">
	<sources>
		<source>--source</source>
		<source>/home/elias/shakkipeli/Shakkipeli/src/main/java</source>
		<source>/home/elias/shakkipeli/Shakkipeli/target/generated-sources/annotations</source>
	</sources>
	<packages>
		<package name="" line-rate="0.0" branch-rate="1.0" complexity="1.0">
			<classes>
				<class name="Main" filename="Main.java" line-rate="0.0" branch-rate="1.0" complexity="1.0">
					<methods>
						<method name="&lt;init&gt;" signature="()V" line-rate="0.0" branch-rate="1.0" complexity="0">
							<lines>
								<line number="15" hits="0" branch="false"/>
							</lines>
						</method>
						<method name="main" signature="([Ljava/lang/String;)V" line-rate="0.0" branch-rate="1.0" complexity="0">
							<lines>
								<line number="18" hits="0" branch="false"/>
								<line number="20" hits="0" branch="false"/>
							</lines>
						</method>
					</methods>
					<lines>
						<line number="15" hits="0" branch="false"/>
						<line number="18" hits="0" branch="false"/>
						<line number="20" hits="0" branch="false"/>
					</lines>
				</class>
			</classes>
		</package>
		<package name="kayttoliittyma" line-rate="0.0" branch-rate="0.0" complexity="2.5">
			<classes>
				<class name="kayttoliittyma.testiKayttis" filename="kayttoliittyma/testiKayttis.java" line-rate="0.0" branch-rate="0.0" complexity="2.5">
					<methods>
						<method name="&lt;init&gt;" signature="()V" line-rate="0.0" branch-rate="1.0" complexity="0">
							<lines>
								<line number="20" hits="0" branch="false"/>
								<line number="21" hits="0" branch="false"/>
								<line number="22" hits="0" branch="false"/>
								<line number="23" hits="0" branch="false"/>
							</lines>
						</method>
						<method name="pelaa" signature="()V" line-rate="0.0" branch-rate="0.0" complexity="0">
							<lines>
								<line number="26" hits="0" branch="true" condition-coverage="0% (0/2)">
									<conditions>
										<condition number="0" type="jump" coverage="0%"/>
									</conditions>
								</line>
								<line number="27" hits="0" branch="false"/>
								<line number="29" hits="0" branch="true" condition-coverage="0% (0/2)">
									<conditions>
										<condition number="0" type="jump" coverage="0%"/>
									</conditions>
								</line>
								<line number="30" hits="0" branch="false"/>
								<line number="31" hits="0" branch="false"/>
								<line number="33" hits="0" branch="false"/>
								<line number="34" hits="0" branch="false"/>
								<line number="35" hits="0" branch="false"/>
								<line number="36" hits="0" branch="false"/>
								<line number="38" hits="0" branch="false"/>
								<line number="39" hits="0" branch="true" condition-coverage="0% (0/2)">
									<conditions>
										<condition number="0" type="jump" coverage="0%"/>
									</conditions>
								</line>
								<line number="40" hits="0" branch="false"/>
								<line number="41" hits="0" branch="false"/>
								<line number="42" hits="0" branch="false"/>
								<line number="43" hits="0" branch="false"/>
								<line number="45" hits="0" branch="false"/>
								<line number="46" hits="0" branch="false"/>
								<line number="47" hits="0" branch="false"/>
								<line number="49" hits="0" branch="false"/>
								<line number="50" hits="0" branch="false"/>
								<line number="52" hits="0" branch="false"/>
							</lines>
						</method>
					</methods>
					<lines>
						<line number="20" hits="0" branch="false"/>
						<line number="21" hits="0" branch="false"/>
						<line number="22" hits="0" branch="false"/>
						<line number="23" hits="0" branch="false"/>
						<line number="26" hits="0" branch="true" condition-coverage="0% (0/2)">
							<conditions>
								<condition number="0" type="jump" coverage="0%"/>
							</conditions>
						</line>
						<line number="27" hits="0" branch="false"/>
						<line number="29" hits="0" branch="true" condition-coverage="0% (0/2)">
							<conditions>
								<condition number="0" type="jump" coverage="0%"/>
							</conditions>
						</line>
						<line number="30" hits="0" branch="false"/>
						<line number="31" hits="0" branch="false"/>
						<line number="33" hits="0" branch="false"/>
						<line number="34" hits="0" branch="false"/>
						<line number="35" hits="0" branch="false"/>
						<line number="36" hits="0" branch="false"/>
						<line number="38" hits="0" branch="false"/>
						<line number="39" hits="0" branch="true" condition-coverage="0% (0/2)">
							<conditions>
								<condition number="0" type="jump" coverage="0%"/>
							</conditions>
						</line>
						<line number="40" hits="0" branch="false"/>
						<line number="41" hits="0" branch="false"/>
						<line number="42" hits="0" branch="false"/>
						<line number="43" hits="0" branch="false"/>
						<line number="45" hits="0" branch="false"/>
						<line number="46" hits="0" branch="false"/>
						<line number="47" hits="0" branch="false"/>
						<line number="49" hits="0" branch="false"/>
						<line number="50" hits="0" branch="false"/>
						<line number="52" hits="0" branch="false"/>
					</lines>
				</class>
			</classes>
		</package>
		<package name="logiikka.nappulat" line-rate="0.8061224489795918" branch-rate="0.8255813953488372" complexity="3.5652173913043477">
			<classes>
				<class name="logiikka.nappulat.Kunkku" filename="logiikka/nappulat/Kunkku.java" line-rate="0.5714285714285714" branch-rate="0.75" complexity="2.75">
					<methods>
						<method name="&lt;init&gt;" signature="(Llogiikka/nappulat/Maa;IILlogiikka/peli/Pelilauta;)V" line-rate="1.0" branch-rate="1.0" complexity="0">
							<lines>
								<line number="22" hits="44" branch="false"/>
								<line number="24" hits="44" branch="false"/>
							</lines>
						</method>
						<method name="tarkistaReitti" signature="(II)Z" line-rate="1.0" branch-rate="1.0" complexity="0">
							<lines>
								<line number="37" hits="232" branch="true" condition-coverage="100% (4/4)">
									<conditions>
										<condition number="0" type="jump" coverage="100%"/>
										<condition number="1" type="jump" coverage="100%"/>
									</conditions>
								</line>
								<line number="39" hits="114" branch="false"/>
								<line number="42" hits="118" branch="false"/>
							</lines>
						</method>
						<method name="toString" signature="()Ljava/lang/String;" line-rate="1.0" branch-rate="1.0" complexity="0">
							<lines>
								<line number="27" hits="4" branch="true" condition-coverage="100% (2/2)">
									<conditions>
										<condition number="0" type="jump" coverage="100%"/>
									</conditions>
								</line>
								<line number="28" hits="2" branch="false"/>
								<line number="30" hits="2" branch="false"/>
							</lines>
						</method>
						<method name="uhkausLinja" signature="(II)Ljava/util/ArrayList;" line-rate="0.0" branch-rate="0.0" complexity="0">
							<lines>
								<line number="47" hits="0" branch="true" condition-coverage="0% (0/2)">
									<conditions>
										<condition number="0" type="jump" coverage="0%"/>
									</conditions>
								</line>
								<line number="48" hits="0" branch="false"/>
								<line number="49" hits="0" branch="false"/>
								<line number="51" hits="0" branch="false"/>
								<line number="52" hits="0" branch="false"/>
								<line number="53" hits="0" branch="false"/>
							</lines>
						</method>
					</methods>
					<lines>
						<line number="22" hits="44" branch="false"/>
						<line number="24" hits="44" branch="false"/>
						<line number="27" hits="4" branch="true" condition-coverage="100% (2/2)">
							<conditions>
								<condition number="0" type="jump" coverage="100%"/>
							</conditions>
						</line>
						<line number="28" hits="2" branch="false"/>
						<line number="30" hits="2" branch="false"/>
						<line number="37" hits="232" branch="true" condition-coverage="100% (4/4)">
							<conditions>
								<condition number="0" type="jump" coverage="100%"/>
								<condition number="1" type="jump" coverage="100%"/>
							</conditions>
						</line>
						<line number="39" hits="114" branch="false"/>
						<line number="42" hits="118" branch="false"/>
						<line number="47" hits="0" branch="true" condition-coverage="0% (0/2)">
							<conditions>
								<condition number="0" type="jump" coverage="0%"/>
							</conditions>
						</line>
						<line number="48" hits="0" branch="false"/>
						<line number="49" hits="0" branch="false"/>
						<line number="51" hits="0" branch="false"/>
						<line number="52" hits="0" branch="false"/>
						<line number="53" hits="0" branch="false"/>
					</lines>
				</class>
				<class name="logiikka.nappulat.Maa" filename="logiikka/nappulat/Maa.java" line-rate="1.0" branch-rate="1.0" complexity="0.0">
					<methods>
						<method name="&lt;clinit&gt;" signature="()V" line-rate="1.0" branch-rate="1.0" complexity="0">
							<lines>
								<line number="12" hits="3" branch="false"/>
								<line number="13" hits="1" branch="false"/>
							</lines>
						</method>
						<method name="&lt;init&gt;" signature="(Ljava/lang/String;I)V" line-rate="1.0" branch-rate="1.0" complexity="0">
							<lines>
							</lines>
						</method>
						<method name="valueOf" signature="(Ljava/lang/String;)Llogiikka/nappulat/Maa;" line-rate="1.0" branch-rate="1.0" complexity="0">
							<lines>
							</lines>
						</method>
						<method name="values" signature="()[Llogiikka/nappulat/Maa;" line-rate="1.0" branch-rate="1.0" complexity="0">
							<lines>
							</lines>
						</method>
					</methods>
					<lines>
						<line number="12" hits="3" branch="false"/>
						<line number="13" hits="1" branch="false"/>
					</lines>
				</class>
				<class name="logiikka.nappulat.Nappula" filename="logiikka/nappulat/Nappula.java" line-rate="0.8974358974358975" branch-rate="0.9615384615384616" complexity="2.2">
					<methods>
						<method name="&lt;init&gt;" signature="(Llogiikka/nappulat/Maa;IILlogiikka/peli/Pelilauta;)V" line-rate="1.0" branch-rate="1.0" complexity="0">
							<lines>
								<line number="23" hits="197" branch="false"/>
								<line number="24" hits="197" branch="false"/>
								<line number="25" hits="197" branch="false"/>
								<line number="26" hits="197" branch="false"/>
								<line number="27" hits="197" branch="false"/>
							</lines>
						</method>
						<method name="getLauta" signature="()Llogiikka/peli/Pelilauta;" line-rate="1.0" branch-rate="1.0" complexity="0">
							<lines>
								<line number="85" hits="1698" branch="false"/>
							</lines>
						</method>
						<method name="getMaa" signature="()Llogiikka/nappulat/Maa;" line-rate="1.0" branch-rate="1.0" complexity="0">
							<lines>
								<line number="77" hits="2182" branch="false"/>
							</lines>
						</method>
						<method name="getX" signature="()I" line-rate="1.0" branch-rate="1.0" complexity="0">
							<lines>
								<line number="93" hits="2357" branch="false"/>
							</lines>
						</method>
						<method name="getY" signature="()I" line-rate="1.0" branch-rate="1.0" complexity="0">
							<lines>
								<line number="101" hits="1673" branch="false"/>
							</lines>
						</method>
						<method name="onSallittuSiirto" signature="(II)Z" line-rate="1.0" branch-rate="1.0" complexity="0">
							<lines>
								<line number="31" hits="285" branch="true" condition-coverage="100% (8/8)">
									<conditions>
										<condition number="0" type="jump" coverage="100%"/>
										<condition number="1" type="jump" coverage="100%"/>
										<condition number="2" type="jump" coverage="100%"/>
										<condition number="3" type="jump" coverage="100%"/>
									</conditions>
								</line>
								<line number="32" hits="5" branch="false"/>
								<line number="33" hits="5" branch="false"/>
								<line number="34" hits="280" branch="true" condition-coverage="100% (4/4)">
									<conditions>
										<condition number="0" type="jump" coverage="100%"/>
										<condition number="1" type="jump" coverage="100%"/>
									</conditions>
								</line>
								<line number="35" hits="6" branch="false"/>
								<line number="36" hits="6" branch="false"/>
								<line number="37" hits="274" branch="true" condition-coverage="100% (2/2)">
									<conditions>
										<condition number="0" type="jump" coverage="100%"/>
									</conditions>
								</line>
								<line number="38" hits="8" branch="false"/>
								<line number="39" hits="8" branch="false"/>
								<line number="40" hits="266" branch="true" condition-coverage="100% (2/2)">
									<conditions>
										<condition number="0" type="jump" coverage="100%"/>
									</conditions>
								</line>
								<line number="41" hits="25" branch="false"/>
								<line number="42" hits="25" branch="false"/>
								<line number="46" hits="241" branch="false"/>
							</lines>
						</method>
						<method name="setLauta" signature="(Llogiikka/peli/Pelilauta;)V" line-rate="0.0" branch-rate="1.0" complexity="0">
							<lines>
								<line number="89" hits="0" branch="false"/>
								<line number="90" hits="0" branch="false"/>
							</lines>
						</method>
						<method name="setMaa" signature="(Llogiikka/nappulat/Maa;)V" line-rate="0.0" branch-rate="1.0" complexity="0">
							<lines>
								<line number="81" hits="0" branch="false"/>
								<line number="82" hits="0" branch="false"/>
							</lines>
						</method>
						<method name="setX" signature="(I)V" line-rate="1.0" branch-rate="1.0" complexity="0">
							<lines>
								<line number="97" hits="518" branch="false"/>
								<line number="98" hits="518" branch="false"/>
							</lines>
						</method>
						<method name="setY" signature="(I)V" line-rate="1.0" branch-rate="1.0" complexity="0">
							<lines>
								<line number="105" hits="518" branch="false"/>
								<line number="106" hits="518" branch="false"/>
							</lines>
						</method>
						<method name="tarkistaOnkoKohdeOma" signature="(II)Z" line-rate="1.0" branch-rate="1.0" complexity="0">
							<lines>
								<line number="54" hits="276" branch="true" condition-coverage="100% (2/2)">
									<conditions>
										<condition number="0" type="jump" coverage="100%"/>
									</conditions>
								</line>
								<line number="55" hits="31" branch="true" condition-coverage="100% (2/2)">
									<conditions>
										<condition number="0" type="jump" coverage="100%"/>
									</conditions>
								</line>
								<line number="56" hits="9" branch="false"/>
								<line number="59" hits="267" branch="false"/>
							</lines>
						</method>
						<method name="tarkistaOnkoKohdeVapaa" signature="(II)Z" line-rate="1.0" branch-rate="1.0" complexity="0">
							<lines>
								<line number="72" hits="904" branch="true" condition-coverage="100% (2/2)">
									<conditions>
										<condition number="0" type="jump" coverage="100%"/>
									</conditions>
								</line>
							</lines>
						</method>
						<method name="tarkistaOnkoKohdeVastustajan" signature="(II)Z" line-rate="1.0" branch-rate="0.75" complexity="0">
							<lines>
								<line number="63" hits="2" branch="true" condition-coverage="50% (1/2)">
									<conditions>
										<condition number="0" type="jump" coverage="50%"/>
									</conditions>
								</line>
								<line number="64" hits="2" branch="true" condition-coverage="100% (2/2)">
									<conditions>
										<condition number="0" type="jump" coverage="100%"/>
									</conditions>
								</line>
								<line number="65" hits="1" branch="false"/>
								<line number="68" hits="1" branch="false"/>
							</lines>
						</method>
					</methods>
					<lines>
						<line number="23" hits="197" branch="false"/>
						<line number="24" hits="197" branch="false"/>
						<line number="25" hits="197" branch="false"/>
						<line number="26" hits="197" branch="false"/>
						<line number="27" hits="197" branch="false"/>
						<line number="31" hits="285" branch="true" condition-coverage="100% (8/8)">
							<conditions>
								<condition number="0" type="jump" coverage="100%"/>
								<condition number="1" type="jump" coverage="100%"/>
								<condition number="2" type="jump" coverage="100%"/>
								<condition number="3" type="jump" coverage="100%"/>
							</conditions>
						</line>
						<line number="32" hits="5" branch="false"/>
						<line number="33" hits="5" branch="false"/>
						<line number="34" hits="280" branch="true" condition-coverage="100% (4/4)">
							<conditions>
								<condition number="0" type="jump" coverage="100%"/>
								<condition number="1" type="jump" coverage="100%"/>
							</conditions>
						</line>
						<line number="35" hits="6" branch="false"/>
						<line number="36" hits="6" branch="false"/>
						<line number="37" hits="274" branch="true" condition-coverage="100% (2/2)">
							<conditions>
								<condition number="0" type="jump" coverage="100%"/>
							</conditions>
						</line>
						<line number="38" hits="8" branch="false"/>
						<line number="39" hits="8" branch="false"/>
						<line number="40" hits="266" branch="true" condition-coverage="100% (2/2)">
							<conditions>
								<condition number="0" type="jump" coverage="100%"/>
							</conditions>
						</line>
						<line number="41" hits="25" branch="false"/>
						<line number="42" hits="25" branch="false"/>
						<line number="46" hits="241" branch="false"/>
						<line number="54" hits="276" branch="true" condition-coverage="100% (2/2)">
							<conditions>
								<condition number="0" type="jump" coverage="100%"/>
							</conditions>
						</line>
						<line number="55" hits="31" branch="true" condition-coverage="100% (2/2)">
							<conditions>
								<condition number="0" type="jump" coverage="100%"/>
							</conditions>
						</line>
						<line number="56" hits="9" branch="false"/>
						<line number="59" hits="267" branch="false"/>
						<line number="63" hits="2" branch="true" condition-coverage="50% (1/2)">
							<conditions>
								<condition number="0" type="jump" coverage="50%"/>
							</conditions>
						</line>
						<line number="64" hits="2" branch="true" condition-coverage="100% (2/2)">
							<conditions>
								<condition number="0" type="jump" coverage="100%"/>
							</conditions>
						</line>
						<line number="65" hits="1" branch="false"/>
						<line number="68" hits="1" branch="false"/>
						<line number="72" hits="904" branch="true" condition-coverage="100% (2/2)">
							<conditions>
								<condition number="0" type="jump" coverage="100%"/>
							</conditions>
						</line>
						<line number="77" hits="2182" branch="false"/>
						<line number="81" hits="0" branch="false"/>
						<line number="82" hits="0" branch="false"/>
						<line number="85" hits="1698" branch="false"/>
						<line number="89" hits="0" branch="false"/>
						<line number="90" hits="0" branch="false"/>
						<line number="93" hits="2357" branch="false"/>
						<line number="97" hits="518" branch="false"/>
						<line number="98" hits="518" branch="false"/>
						<line number="101" hits="1673" branch="false"/>
						<line number="105" hits="518" branch="false"/>
						<line number="106" hits="518" branch="false"/>
					</lines>
				</class>
				<class name="logiikka.nappulat.Torni" filename="logiikka/nappulat/Torni.java" line-rate="0.7906976744186046" branch-rate="0.7692307692307693" complexity="9.5">
					<methods>
						<method name="&lt;init&gt;" signature="(Llogiikka/nappulat/Maa;IILlogiikka/peli/Pelilauta;)V" line-rate="1.0" branch-rate="1.0" complexity="0">
							<lines>
								<line number="20" hits="153" branch="false"/>
								<line number="21" hits="153" branch="false"/>
							</lines>
						</method>
						<method name="tarkistaReitti" signature="(II)Z" line-rate="0.8571428571428571" branch-rate="0.875" complexity="0">
							<lines>
								<line number="33" hits="401" branch="true" condition-coverage="75% (3/4)">
									<conditions>
										<condition number="0" type="jump" coverage="100%"/>
										<condition number="1" type="jump" coverage="50%"/>
									</conditions>
								</line>
								<line number="35" hits="0" branch="false"/>
								<line number="37" hits="401" branch="true" condition-coverage="100% (4/4)">
									<conditions>
										<condition number="0" type="jump" coverage="100%"/>
										<condition number="1" type="jump" coverage="100%"/>
									</conditions>
								</line>
								<line number="39" hits="224" branch="false"/>
								<line number="40" hits="177" branch="true" condition-coverage="100% (2/2)">
									<conditions>
										<condition number="0" type="jump" coverage="100%"/>
									</conditions>
								</line>
								<line number="41" hits="55" branch="true" condition-coverage="100% (2/2)">
									<conditions>
										<condition number="0" type="jump" coverage="100%"/>
									</conditions>
								</line>
								<line number="42" hits="29" branch="true" condition-coverage="100% (2/2)">
									<conditions>
										<condition number="0" type="jump" coverage="100%"/>
									</conditions>
								</line>
								<line number="44" hits="2" branch="false"/>
								<line number="47" hits="149" branch="true" condition-coverage="100% (2/2)">
									<conditions>
										<condition number="0" type="jump" coverage="100%"/>
									</conditions>
								</line>
								<line number="48" hits="77" branch="true" condition-coverage="100% (2/2)">
									<conditions>
										<condition number="0" type="jump" coverage="100%"/>
									</conditions>
								</line>
								<line number="49" hits="41" branch="true" condition-coverage="50% (1/2)">
									<conditions>
										<condition number="0" type="jump" coverage="50%"/>
									</conditions>
								</line>
								<line number="51" hits="0" branch="false"/>
								<line number="54" hits="113" branch="true" condition-coverage="100% (2/2)">
									<conditions>
										<condition number="0" type="jump" coverage="100%"/>
									</conditions>
								</line>
								<line number="55" hits="388" branch="true" condition-coverage="100% (2/2)">
									<conditions>
										<condition number="0" type="jump" coverage="100%"/>
									</conditions>
								</line>
								<line number="56" hits="325" branch="true" condition-coverage="100% (2/2)">
									<conditions>
										<condition number="0" type="jump" coverage="100%"/>
									</conditions>
								</line>
								<line number="58" hits="4" branch="false"/>
								<line number="61" hits="46" branch="true" condition-coverage="50% (1/2)">
									<conditions>
										<condition number="0" type="jump" coverage="50%"/>
									</conditions>
								</line>
								<line number="62" hits="273" branch="true" condition-coverage="100% (2/2)">
									<conditions>
										<condition number="0" type="jump" coverage="100%"/>
									</conditions>
								</line>
								<line number="63" hits="227" branch="true" condition-coverage="50% (1/2)">
									<conditions>
										<condition number="0" type="jump" coverage="50%"/>
									</conditions>
								</line>
								<line number="65" hits="0" branch="false"/>
								<line number="69" hits="171" branch="false"/>
							</lines>
						</method>
						<method name="toString" signature="()Ljava/lang/String;" line-rate="1.0" branch-rate="1.0" complexity="0">
							<lines>
								<line number="24" hits="8" branch="true" condition-coverage="100% (2/2)">
									<conditions>
										<condition number="0" type="jump" coverage="100%"/>
									</conditions>
								</line>
								<line number="25" hits="4" branch="false"/>
								<line number="27" hits="4" branch="false"/>
							</lines>
						</method>
						<method name="uhkausLinja" signature="(II)Ljava/util/ArrayList;" line-rate="0.6470588235294118" branch-rate="0.5555555555555556" complexity="0">
							<lines>
								<line number="74" hits="6" branch="true" condition-coverage="50% (1/2)">
									<conditions>
										<condition number="0" type="jump" coverage="50%"/>
									</conditions>
								</line>
								<line number="75" hits="0" branch="false"/>
								<line number="76" hits="0" branch="false"/>
								<line number="78" hits="6" branch="false"/>
								<line number="79" hits="6" branch="true" condition-coverage="100% (2/2)">
									<conditions>
										<condition number="0" type="jump" coverage="100%"/>
									</conditions>
								</line>
								<line number="80" hits="9" branch="true" condition-coverage="100% (2/2)">
									<conditions>
										<condition number="0" type="jump" coverage="100%"/>
									</conditions>
								</line>
								<line number="81" hits="6" branch="false"/>
								<line number="83" hits="3" branch="true" condition-coverage="50% (1/2)">
									<conditions>
										<condition number="0" type="jump" coverage="50%"/>
									</conditions>
								</line>
								<line number="84" hits="0" branch="true" condition-coverage="0% (0/2)">
									<conditions>
										<condition number="0" type="jump" coverage="0%"/>
									</conditions>
								</line>
								<line number="85" hits="0" branch="false"/>
								<line number="87" hits="3" branch="true" condition-coverage="50% (1/2)">
									<conditions>
										<condition number="0" type="jump" coverage="50%"/>
									</conditions>
								</line>
								<line number="88" hits="0" branch="true" condition-coverage="0% (0/2)">
									<conditions>
										<condition number="0" type="jump" coverage="0%"/>
									</conditions>
								</line>
								<line number="89" hits="0" branch="false"/>
								<line number="91" hits="3" branch="true" condition-coverage="50% (1/2)">
									<conditions>
										<condition number="0" type="jump" coverage="50%"/>
									</conditions>
								</line>
								<line number="92" hits="18" branch="true" condition-coverage="100% (2/2)">
									<conditions>
										<condition number="0" type="jump" coverage="100%"/>
									</conditions>
								</line>
								<line number="93" hits="15" branch="false"/>
								<line number="96" hits="6" branch="false"/>
							</lines>
						</method>
					</methods>
					<lines>
						<line number="20" hits="153" branch="false"/>
						<line number="21" hits="153" branch="false"/>
						<line number="24" hits="8" branch="true" condition-coverage="100% (2/2)">
							<conditions>
								<condition number="0" type="jump" coverage="100%"/>
							</conditions>
						</line>
						<line number="25" hits="4" branch="false"/>
						<line number="27" hits="4" branch="false"/>
						<line number="33" hits="401" branch="true" condition-coverage="75% (3/4)">
							<conditions>
								<condition number="0" type="jump" coverage="100%"/>
								<condition number="1" type="jump" coverage="50%"/>
							</conditions>
						</line>
						<line number="35" hits="0" branch="false"/>
						<line number="37" hits="401" branch="true" condition-coverage="100% (4/4)">
							<conditions>
								<condition number="0" type="jump" coverage="100%"/>
								<condition number="1" type="jump" coverage="100%"/>
							</conditions>
						</line>
						<line number="39" hits="224" branch="false"/>
						<line number="40" hits="177" branch="true" condition-coverage="100% (2/2)">
							<conditions>
								<condition number="0" type="jump" coverage="100%"/>
							</conditions>
						</line>
						<line number="41" hits="55" branch="true" condition-coverage="100% (2/2)">
							<conditions>
								<condition number="0" type="jump" coverage="100%"/>
							</conditions>
						</line>
						<line number="42" hits="29" branch="true" condition-coverage="100% (2/2)">
							<conditions>
								<condition number="0" type="jump" coverage="100%"/>
							</conditions>
						</line>
						<line number="44" hits="2" branch="false"/>
						<line number="47" hits="149" branch="true" condition-coverage="100% (2/2)">
							<conditions>
								<condition number="0" type="jump" coverage="100%"/>
							</conditions>
						</line>
						<line number="48" hits="77" branch="true" condition-coverage="100% (2/2)">
							<conditions>
								<condition number="0" type="jump" coverage="100%"/>
							</conditions>
						</line>
						<line number="49" hits="41" branch="true" condition-coverage="50% (1/2)">
							<conditions>
								<condition number="0" type="jump" coverage="50%"/>
							</conditions>
						</line>
						<line number="51" hits="0" branch="false"/>
						<line number="54" hits="113" branch="true" condition-coverage="100% (2/2)">
							<conditions>
								<condition number="0" type="jump" coverage="100%"/>
							</conditions>
						</line>
						<line number="55" hits="388" branch="true" condition-coverage="100% (2/2)">
							<conditions>
								<condition number="0" type="jump" coverage="100%"/>
							</conditions>
						</line>
						<line number="56" hits="325" branch="true" condition-coverage="100% (2/2)">
							<conditions>
								<condition number="0" type="jump" coverage="100%"/>
							</conditions>
						</line>
						<line number="58" hits="4" branch="false"/>
						<line number="61" hits="46" branch="true" condition-coverage="50% (1/2)">
							<conditions>
								<condition number="0" type="jump" coverage="50%"/>
							</conditions>
						</line>
						<line number="62" hits="273" branch="true" condition-coverage="100% (2/2)">
							<conditions>
								<condition number="0" type="jump" coverage="100%"/>
							</conditions>
						</line>
						<line number="63" hits="227" branch="true" condition-coverage="50% (1/2)">
							<conditions>
								<condition number="0" type="jump" coverage="50%"/>
							</conditions>
						</line>
						<line number="65" hits="0" branch="false"/>
						<line number="69" hits="171" branch="false"/>
						<line number="74" hits="6" branch="true" condition-coverage="50% (1/2)">
							<conditions>
								<condition number="0" type="jump" coverage="50%"/>
							</conditions>
						</line>
						<line number="75" hits="0" branch="false"/>
						<line number="76" hits="0" branch="false"/>
						<line number="78" hits="6" branch="false"/>
						<line number="79" hits="6" branch="true" condition-coverage="100% (2/2)">
							<conditions>
								<condition number="0" type="jump" coverage="100%"/>
							</conditions>
						</line>
						<line number="80" hits="9" branch="true" condition-coverage="100% (2/2)">
							<conditions>
								<condition number="0" type="jump" coverage="100%"/>
							</conditions>
						</line>
						<line number="81" hits="6" branch="false"/>
						<line number="83" hits="3" branch="true" condition-coverage="50% (1/2)">
							<conditions>
								<condition number="0" type="jump" coverage="50%"/>
							</conditions>
						</line>
						<line number="84" hits="0" branch="true" condition-coverage="0% (0/2)">
							<conditions>
								<condition number="0" type="jump" coverage="0%"/>
							</conditions>
						</line>
						<line number="85" hits="0" branch="false"/>
						<line number="87" hits="3" branch="true" condition-coverage="50% (1/2)">
							<conditions>
								<condition number="0" type="jump" coverage="50%"/>
							</conditions>
						</line>
						<line number="88" hits="0" branch="true" condition-coverage="0% (0/2)">
							<conditions>
								<condition number="0" type="jump" coverage="0%"/>
							</conditions>
						</line>
						<line number="89" hits="0" branch="false"/>
						<line number="91" hits="3" branch="true" condition-coverage="50% (1/2)">
							<conditions>
								<condition number="0" type="jump" coverage="50%"/>
							</conditions>
						</line>
						<line number="92" hits="18" branch="true" condition-coverage="100% (2/2)">
							<conditions>
								<condition number="0" type="jump" coverage="100%"/>
							</conditions>
						</line>
						<line number="93" hits="15" branch="false"/>
						<line number="96" hits="6" branch="false"/>
					</lines>
				</class>
			</classes>
		</package>
		<package name="logiikka.peli" line-rate="0.918918918918919" branch-rate="0.925531914893617" complexity="2.5454545454545454">
			<classes>
				<class name="logiikka.peli.Pelaaja" filename="logiikka/peli/Pelaaja.java" line-rate="0.7142857142857143" branch-rate="1.0" complexity="1.0">
					<methods>
						<method name="&lt;init&gt;" signature="(Llogiikka/nappulat/Maa;)V" line-rate="1.0" branch-rate="1.0" complexity="0">
							<lines>
								<line number="22" hits="44" branch="false"/>
								<line number="23" hits="44" branch="false"/>
								<line number="24" hits="44" branch="false"/>
								<line number="25" hits="44" branch="false"/>
							</lines>
						</method>
						<method name="getKunkku" signature="()Llogiikka/nappulat/Kunkku;" line-rate="1.0" branch-rate="1.0" complexity="0">
							<lines>
								<line number="38" hits="398" branch="false"/>
							</lines>
						</method>
						<method name="getMaa" signature="()Llogiikka/nappulat/Maa;" line-rate="1.0" branch-rate="1.0" complexity="0">
							<lines>
								<line number="30" hits="225" branch="false"/>
							</lines>
						</method>
						<method name="getNappulat" signature="()Ljava/util/ArrayList;" line-rate="1.0" branch-rate="1.0" complexity="0">
							<lines>
								<line number="46" hits="2827" branch="false"/>
							</lines>
						</method>
						<method name="setKunkku" signature="(Llogiikka/nappulat/Kunkku;)V" line-rate="1.0" branch-rate="1.0" complexity="0">
							<lines>
								<line number="42" hits="44" branch="false"/>
								<line number="43" hits="44" branch="false"/>
							</lines>
						</method>
						<method name="setMaa" signature="(Llogiikka/nappulat/Maa;)V" line-rate="0.0" branch-rate="1.0" complexity="0">
							<lines>
								<line number="34" hits="0" branch="false"/>
								<line number="35" hits="0" branch="false"/>
							</lines>
						</method>
						<method name="setNappulat" signature="(Ljava/util/ArrayList;)V" line-rate="0.0" branch-rate="1.0" complexity="0">
							<lines>
								<line number="50" hits="0" branch="false"/>
								<line number="51" hits="0" branch="false"/>
							</lines>
						</method>
						<method name="toString" signature="()Ljava/lang/String;" line-rate="1.0" branch-rate="1.0" complexity="0">
							<lines>
								<line number="55" hits="2" branch="false"/>
							</lines>
						</method>
					</methods>
					<lines>
						<line number="22" hits="44" branch="false"/>
						<line number="23" hits="44" branch="false"/>
						<line number="24" hits="44" branch="false"/>
						<line number="25" hits="44" branch="false"/>
						<line number="30" hits="225" branch="false"/>
						<line number="34" hits="0" branch="false"/>
						<line number="35" hits="0" branch="false"/>
						<line number="38" hits="398" branch="false"/>
						<line number="42" hits="44" branch="false"/>
						<line number="43" hits="44" branch="false"/>
						<line number="46" hits="2827" branch="false"/>
						<line number="50" hits="0" branch="false"/>
						<line number="51" hits="0" branch="false"/>
						<line number="55" hits="2" branch="false"/>
					</lines>
				</class>
				<class name="logiikka.peli.Peli" filename="logiikka/peli/Peli.java" line-rate="0.975" branch-rate="0.9411764705882353" complexity="3.3333333333333335">
					<methods>
						<method name="&lt;init&gt;" signature="()V" line-rate="1.0" branch-rate="1.0" complexity="0">
							<lines>
								<line number="27" hits="22" branch="false"/>
								<line number="28" hits="22" branch="false"/>
								<line number="29" hits="22" branch="false"/>
								<line number="30" hits="22" branch="false"/>
								<line number="31" hits="22" branch="false"/>
							</lines>
						</method>
						<method name="alkuAsetelma" signature="()V" line-rate="1.0" branch-rate="1.0" complexity="0">
							<lines>
								<line number="35" hits="22" branch="false"/>
								<line number="36" hits="22" branch="false"/>
								<line number="37" hits="22" branch="false"/>
								<line number="40" hits="22" branch="false"/>
								<line number="41" hits="22" branch="false"/>
								<line number="42" hits="22" branch="false"/>
								<line number="43" hits="22" branch="false"/>
							</lines>
						</method>
						<method name="asetaAktiivinen" signature="(II)V" line-rate="0.8" branch-rate="0.5" complexity="0">
							<lines>
								<line number="258" hits="90" branch="true" condition-coverage="50% (1/2)">
									<conditions>
										<condition number="0" type="jump" coverage="50%"/>
									</conditions>
								</line>
								<line number="259" hits="90" branch="true" condition-coverage="50% (1/2)">
									<conditions>
										<condition number="0" type="jump" coverage="50%"/>
									</conditions>
								</line>
								<line number="260" hits="90" branch="false"/>
								<line number="262" hits="0" branch="false"/>
								<line number="265" hits="90" branch="false"/>
							</lines>
						</method>
						<method name="getAktiivinen" signature="()Llogiikka/nappulat/Nappula;" line-rate="1.0" branch-rate="1.0" complexity="0">
							<lines>
								<line number="268" hits="3" branch="false"/>
							</lines>
						</method>
						<method name="getLauta" signature="()Llogiikka/peli/Pelilauta;" line-rate="1.0" branch-rate="1.0" complexity="0">
							<lines>
								<line number="226" hits="1" branch="false"/>
							</lines>
						</method>
						<method name="getVuorossa" signature="()Llogiikka/peli/Pelaaja;" line-rate="1.0" branch-rate="1.0" complexity="0">
							<lines>
								<line number="253" hits="5" branch="false"/>
							</lines>
						</method>
						<method name="haeUhkaava" signature="(IILjava/util/ArrayList;)Llogiikka/nappulat/Nappula;" line-rate="1.0" branch-rate="1.0" complexity="0">
							<lines>
								<line number="81" hits="127" branch="true" condition-coverage="100% (2/2)">
									<conditions>
										<condition number="0" type="jump" coverage="100%"/>
									</conditions>
								</line>
								<line number="83" hits="343" branch="true" condition-coverage="100% (2/2)">
									<conditions>
										<condition number="0" type="jump" coverage="100%"/>
									</conditions>
								</line>
								<line number="85" hits="36" branch="false"/>
								<line number="87" hits="307" branch="false"/>
								<line number="88" hits="91" branch="false"/>
							</lines>
						</method>
						<method name="kokeileSiirtoa" signature="(IILlogiikka/nappulat/Nappula;)Z" line-rate="1.0" branch-rate="1.0" complexity="0">
							<lines>
								<line number="134" hits="116" branch="false"/>
								<line number="135" hits="116" branch="false"/>
								<line number="136" hits="116" branch="false"/>
								<line number="138" hits="116" branch="false"/>
								<line number="139" hits="116" branch="true" condition-coverage="100% (2/2)">
									<conditions>
										<condition number="0" type="jump" coverage="100%"/>
									</conditions>
								</line>
								<line number="140" hits="114" branch="false"/>
								<line number="141" hits="114" branch="true" condition-coverage="100% (2/2)">
									<conditions>
										<condition number="0" type="jump" coverage="100%"/>
									</conditions>
								</line>
								<line number="142" hits="25" branch="false"/>
								<line number="145" hits="89" branch="false"/>
								<line number="148" hits="114" branch="false"/>
								<line number="149" hits="114" branch="false"/>
								<line number="151" hits="114" branch="false"/>
								<line number="154" hits="116" branch="false"/>
							</lines>
						</method>
						<method name="kunkkuEiVoiLiikkua" signature="()Z" line-rate="1.0" branch-rate="1.0" complexity="0">
							<lines>
								<line number="117" hits="16" branch="true" condition-coverage="100% (2/2)">
									<conditions>
										<condition number="0" type="jump" coverage="100%"/>
									</conditions>
								</line>
								<line number="118" hits="41" branch="true" condition-coverage="100% (2/2)">
									<conditions>
										<condition number="0" type="jump" coverage="100%"/>
									</conditions>
								</line>
								<line number="121" hits="32" branch="true" condition-coverage="100% (2/2)">
									<conditions>
										<condition number="0" type="jump" coverage="100%"/>
									</conditions>
								</line>
								<line number="122" hits="27" branch="true" condition-coverage="100% (2/2)">
									<conditions>
										<condition number="0" type="jump" coverage="100%"/>
									</conditions>
								</line>
								<line number="123" hits="3" branch="false"/>
								<line number="129" hits="4" branch="false"/>
							</lines>
						</method>
						<method name="onMatissa" signature="()Z" line-rate="0.7777777777777778" branch-rate="0.75" complexity="0">
							<lines>
								<line number="163" hits="4" branch="true" condition-coverage="50% (1/2)">
									<conditions>
										<condition number="0" type="jump" coverage="50%"/>
									</conditions>
								</line>
								<line number="165" hits="0" branch="false"/>
								<line number="168" hits="4" branch="true" condition-coverage="100% (2/2)">
									<conditions>
										<condition number="0" type="jump" coverage="100%"/>
									</conditions>
								</line>
								<line number="170" hits="1" branch="false"/>
								<line number="173" hits="3" branch="true" condition-coverage="50% (1/2)">
									<conditions>
										<condition number="0" type="jump" coverage="50%"/>
									</conditions>
								</line>
								<line number="175" hits="0" branch="false"/>
								<line number="178" hits="3" branch="true" condition-coverage="100% (2/2)">
									<conditions>
										<condition number="0" type="jump" coverage="100%"/>
									</conditions>
								</line>
								<line number="179" hits="2" branch="false"/>
								<line number="183" hits="1" branch="false"/>
							</lines>
						</method>
						<method name="onShakissa" signature="()Z" line-rate="1.0" branch-rate="1.0" complexity="0">
							<lines>
								<line number="159" hits="4" branch="false"/>
							</lines>
						</method>
						<method name="onkoUhattuna" signature="(II)Z" line-rate="1.0" branch-rate="1.0" complexity="0">
							<lines>
								<line number="63" hits="120" branch="true" condition-coverage="100% (2/2)">
									<conditions>
										<condition number="0" type="jump" coverage="100%"/>
									</conditions>
								</line>
								<line number="64" hits="90" branch="false"/>
								<line number="66" hits="30" branch="false"/>
							</lines>
						</method>
						<method name="paivitaPelaajienNappulat" signature="()V" line-rate="1.0" branch-rate="1.0" complexity="0">
							<lines>
								<line number="47" hits="336" branch="false"/>
								<line number="48" hits="336" branch="false"/>
								<line number="49" hits="3024" branch="true" condition-coverage="100% (2/2)">
									<conditions>
										<condition number="0" type="jump" coverage="100%"/>
									</conditions>
								</line>
								<line number="50" hits="24192" branch="true" condition-coverage="100% (2/2)">
									<conditions>
										<condition number="0" type="jump" coverage="100%"/>
									</conditions>
								</line>
								<line number="51" hits="21504" branch="true" condition-coverage="100% (2/2)">
									<conditions>
										<condition number="0" type="jump" coverage="100%"/>
									</conditions>
								</line>
								<line number="52" hits="2013" branch="true" condition-coverage="100% (2/2)">
									<conditions>
										<condition number="0" type="jump" coverage="100%"/>
									</conditions>
								</line>
								<line number="53" hits="1006" branch="false"/>
								<line number="55" hits="1007" branch="false"/>
								<line number="60" hits="336" branch="false"/>
							</lines>
						</method>
						<method name="siirto" signature="(II)Z" line-rate="1.0" branch-rate="1.0" complexity="0">
							<lines>
								<line number="230" hits="90" branch="true" condition-coverage="100% (2/2)">
									<conditions>
										<condition number="0" type="jump" coverage="100%"/>
									</conditions>
								</line>
								<line number="231" hits="1" branch="false"/>
								<line number="232" hits="1" branch="false"/>
								<line number="235" hits="89" branch="true" condition-coverage="100% (2/2)">
									<conditions>
										<condition number="0" type="jump" coverage="100%"/>
									</conditions>
								</line>
								<line number="236" hits="3" branch="false"/>
								<line number="238" hits="86" branch="false"/>
								<line number="241" hits="86" branch="true" condition-coverage="100% (2/2)">
									<conditions>
										<condition number="0" type="jump" coverage="100%"/>
									</conditions>
								</line>
								<line number="242" hits="48" branch="false"/>
								<line number="244" hits="38" branch="false"/>
								<line number="246" hits="86" branch="false"/>
								<line number="247" hits="86" branch="false"/>
								<line number="248" hits="86" branch="false"/>
							</lines>
						</method>
						<method name="tulosta" signature="()V" line-rate="1.0" branch-rate="1.0" complexity="0">
							<lines>
								<line number="272" hits="2" branch="false"/>
								<line number="273" hits="2" branch="false"/>
								<line number="274" hits="2" branch="false"/>
								<line number="275" hits="2" branch="false"/>
								<line number="276" hits="2" branch="false"/>
							</lines>
						</method>
						<method name="uhkaakoUseampi" signature="(II)Z" line-rate="1.0" branch-rate="1.0" complexity="0">
							<lines>
								<line number="93" hits="6" branch="true" condition-coverage="100% (2/2)">
									<conditions>
										<condition number="0" type="jump" coverage="100%"/>
									</conditions>
								</line>
								<line number="94" hits="3" branch="false"/>
								<line number="98" hits="3" branch="false"/>
							</lines>
						</method>
						<method name="uhkaakoUseampi" signature="(IILjava/util/ArrayList;)Z" line-rate="1.0" branch-rate="1.0" complexity="0">
							<lines>
								<line number="104" hits="6" branch="false"/>
								<line number="105" hits="6" branch="true" condition-coverage="100% (2/2)">
									<conditions>
										<condition number="0" type="jump" coverage="100%"/>
									</conditions>
								</line>
								<line number="106" hits="18" branch="true" condition-coverage="100% (2/2)">
									<conditions>
										<condition number="0" type="jump" coverage="100%"/>
									</conditions>
								</line>
								<line number="107" hits="6" branch="false"/>
								<line number="109" hits="18" branch="false"/>
								<line number="110" hits="6" branch="true" condition-coverage="100% (2/2)">
									<conditions>
										<condition number="0" type="jump" coverage="100%"/>
									</conditions>
								</line>
								<line number="111" hits="1" branch="false"/>
								<line number="113" hits="5" branch="false"/>
							</lines>
						</method>
						<method name="uhkaavaNappula" signature="(II)Llogiikka/nappulat/Nappula;" line-rate="1.0" branch-rate="1.0" complexity="0">
							<lines>
								<line number="70" hits="127" branch="true" condition-coverage="100% (2/2)">
									<conditions>
										<condition number="0" type="jump" coverage="100%"/>
									</conditions>
								</line>
								<line number="71" hits="73" branch="false"/>
								<line number="75" hits="54" branch="false"/>
							</lines>
						</method>
						<method name="uusiPeli" signature="()V" line-rate="1.0" branch-rate="1.0" complexity="0">
							<lines>
								<line number="219" hits="22" branch="false"/>
								<line number="220" hits="22" branch="false"/>
								<line number="221" hits="22" branch="false"/>
								<line number="222" hits="22" branch="false"/>
								<line number="223" hits="22" branch="false"/>
							</lines>
						</method>
						<method name="voiBlokata" signature="()Z" line-rate="1.0" branch-rate="1.0" complexity="0">
							<lines>
								<line number="196" hits="4" branch="false"/>
								<line number="197" hits="4" branch="true" condition-coverage="100% (2/2)">
									<conditions>
										<condition number="0" type="jump" coverage="100%"/>
									</conditions>
								</line>
								<line number="198" hits="1" branch="false"/>
								<line number="202" hits="3" branch="false"/>
								<line number="204" hits="3" branch="true" condition-coverage="100% (2/2)">
									<conditions>
										<condition number="0" type="jump" coverage="100%"/>
									</conditions>
								</line>
								<line number="205" hits="7" branch="true" condition-coverage="100% (2/2)">
									<conditions>
										<condition number="0" type="jump" coverage="100%"/>
									</conditions>
								</line>
								<line number="206" hits="1" branch="false"/>
								<line number="208" hits="6" branch="true" condition-coverage="100% (2/2)">
									<conditions>
										<condition number="0" type="jump" coverage="100%"/>
									</conditions>
								</line>
								<line number="209" hits="12" branch="true" condition-coverage="100% (2/2)">
									<conditions>
										<condition number="0" type="jump" coverage="100%"/>
									</conditions>
								</line>
								<line number="210" hits="2" branch="false"/>
								<line number="212" hits="10" branch="false"/>
								<line number="213" hits="4" branch="false"/>
								<line number="214" hits="1" branch="false"/>
							</lines>
						</method>
						<method name="voiSyodaNappulan" signature="(Llogiikka/nappulat/Nappula;)Z" line-rate="1.0" branch-rate="1.0" complexity="0">
							<lines>
								<line number="187" hits="5" branch="true" condition-coverage="100% (2/2)">
									<conditions>
										<condition number="0" type="jump" coverage="100%"/>
									</conditions>
								</line>
								<line number="188" hits="15" branch="true" condition-coverage="100% (2/2)">
									<conditions>
										<condition number="0" type="jump" coverage="100%"/>
									</conditions>
								</line>
								<line number="189" hits="2" branch="false"/>
								<line number="191" hits="13" branch="false"/>
								<line number="192" hits="3" branch="false"/>
							</lines>
						</method>
					</methods>
					<lines>
						<line number="27" hits="22" branch="false"/>
						<line number="28" hits="22" branch="false"/>
						<line number="29" hits="22" branch="false"/>
						<line number="30" hits="22" branch="false"/>
						<line number="31" hits="22" branch="false"/>
						<line number="35" hits="22" branch="false"/>
						<line number="36" hits="22" branch="false"/>
						<line number="37" hits="22" branch="false"/>
						<line number="40" hits="22" branch="false"/>
						<line number="41" hits="22" branch="false"/>
						<line number="42" hits="22" branch="false"/>
						<line number="43" hits="22" branch="false"/>
						<line number="47" hits="336" branch="false"/>
						<line number="48" hits="336" branch="false"/>
						<line number="49" hits="3024" branch="true" condition-coverage="100% (2/2)">
							<conditions>
								<condition number="0" type="jump" coverage="100%"/>
							</conditions>
						</line>
						<line number="50" hits="24192" branch="true" condition-coverage="100% (2/2)">
							<conditions>
								<condition number="0" type="jump" coverage="100%"/>
							</conditions>
						</line>
						<line number="51" hits="21504" branch="true" condition-coverage="100% (2/2)">
							<conditions>
								<condition number="0" type="jump" coverage="100%"/>
							</conditions>
						</line>
						<line number="52" hits="2013" branch="true" condition-coverage="100% (2/2)">
							<conditions>
								<condition number="0" type="jump" coverage="100%"/>
							</conditions>
						</line>
						<line number="53" hits="1006" branch="false"/>
						<line number="55" hits="1007" branch="false"/>
						<line number="60" hits="336" branch="false"/>
						<line number="63" hits="120" branch="true" condition-coverage="100% (2/2)">
							<conditions>
								<condition number="0" type="jump" coverage="100%"/>
							</conditions>
						</line>
						<line number="64" hits="90" branch="false"/>
						<line number="66" hits="30" branch="false"/>
						<line number="70" hits="127" branch="true" condition-coverage="100% (2/2)">
							<conditions>
								<condition number="0" type="jump" coverage="100%"/>
							</conditions>
						</line>
						<line number="71" hits="73" branch="false"/>
						<line number="75" hits="54" branch="false"/>
						<line number="81" hits="127" branch="true" condition-coverage="100% (2/2)">
							<conditions>
								<condition number="0" type="jump" coverage="100%"/>
							</conditions>
						</line>
						<line number="83" hits="343" branch="true" condition-coverage="100% (2/2)">
							<conditions>
								<condition number="0" type="jump" coverage="100%"/>
							</conditions>
						</line>
						<line number="85" hits="36" branch="false"/>
						<line number="87" hits="307" branch="false"/>
						<line number="88" hits="91" branch="false"/>
						<line number="93" hits="6" branch="true" condition-coverage="100% (2/2)">
							<conditions>
								<condition number="0" type="jump" coverage="100%"/>
							</conditions>
						</line>
						<line number="94" hits="3" branch="false"/>
						<line number="98" hits="3" branch="false"/>
						<line number="104" hits="6" branch="false"/>
						<line number="105" hits="6" branch="true" condition-coverage="100% (2/2)">
							<conditions>
								<condition number="0" type="jump" coverage="100%"/>
							</conditions>
						</line>
						<line number="106" hits="18" branch="true" condition-coverage="100% (2/2)">
							<conditions>
								<condition number="0" type="jump" coverage="100%"/>
							</conditions>
						</line>
						<line number="107" hits="6" branch="false"/>
						<line number="109" hits="18" branch="false"/>
						<line number="110" hits="6" branch="true" condition-coverage="100% (2/2)">
							<conditions>
								<condition number="0" type="jump" coverage="100%"/>
							</conditions>
						</line>
						<line number="111" hits="1" branch="false"/>
						<line number="113" hits="5" branch="false"/>
						<line number="117" hits="16" branch="true" condition-coverage="100% (2/2)">
							<conditions>
								<condition number="0" type="jump" coverage="100%"/>
							</conditions>
						</line>
						<line number="118" hits="41" branch="true" condition-coverage="100% (2/2)">
							<conditions>
								<condition number="0" type="jump" coverage="100%"/>
							</conditions>
						</line>
						<line number="121" hits="32" branch="true" condition-coverage="100% (2/2)">
							<conditions>
								<condition number="0" type="jump" coverage="100%"/>
							</conditions>
						</line>
						<line number="122" hits="27" branch="true" condition-coverage="100% (2/2)">
							<conditions>
								<condition number="0" type="jump" coverage="100%"/>
							</conditions>
						</line>
						<line number="123" hits="3" branch="false"/>
						<line number="129" hits="4" branch="false"/>
						<line number="134" hits="116" branch="false"/>
						<line number="135" hits="116" branch="false"/>
						<line number="136" hits="116" branch="false"/>
						<line number="138" hits="116" branch="false"/>
						<line number="139" hits="116" branch="true" condition-coverage="100% (2/2)">
							<conditions>
								<condition number="0" type="jump" coverage="100%"/>
							</conditions>
						</line>
						<line number="140" hits="114" branch="false"/>
						<line number="141" hits="114" branch="true" condition-coverage="100% (2/2)">
							<conditions>
								<condition number="0" type="jump" coverage="100%"/>
							</conditions>
						</line>
						<line number="142" hits="25" branch="false"/>
						<line number="145" hits="89" branch="false"/>
						<line number="148" hits="114" branch="false"/>
						<line number="149" hits="114" branch="false"/>
						<line number="151" hits="114" branch="false"/>
						<line number="154" hits="116" branch="false"/>
						<line number="159" hits="4" branch="false"/>
						<line number="163" hits="4" branch="true" condition-coverage="50% (1/2)">
							<conditions>
								<condition number="0" type="jump" coverage="50%"/>
							</conditions>
						</line>
						<line number="165" hits="0" branch="false"/>
						<line number="168" hits="4" branch="true" condition-coverage="100% (2/2)">
							<conditions>
								<condition number="0" type="jump" coverage="100%"/>
							</conditions>
						</line>
						<line number="170" hits="1" branch="false"/>
						<line number="173" hits="3" branch="true" condition-coverage="50% (1/2)">
							<conditions>
								<condition number="0" type="jump" coverage="50%"/>
							</conditions>
						</line>
						<line number="175" hits="0" branch="false"/>
						<line number="178" hits="3" branch="true" condition-coverage="100% (2/2)">
							<conditions>
								<condition number="0" type="jump" coverage="100%"/>
							</conditions>
						</line>
						<line number="179" hits="2" branch="false"/>
						<line number="183" hits="1" branch="false"/>
						<line number="187" hits="5" branch="true" condition-coverage="100% (2/2)">
							<conditions>
								<condition number="0" type="jump" coverage="100%"/>
							</conditions>
						</line>
						<line number="188" hits="15" branch="true" condition-coverage="100% (2/2)">
							<conditions>
								<condition number="0" type="jump" coverage="100%"/>
							</conditions>
						</line>
						<line number="189" hits="2" branch="false"/>
						<line number="191" hits="13" branch="false"/>
						<line number="192" hits="3" branch="false"/>
						<line number="196" hits="4" branch="false"/>
						<line number="197" hits="4" branch="true" condition-coverage="100% (2/2)">
							<conditions>
								<condition number="0" type="jump" coverage="100%"/>
							</conditions>
						</line>
						<line number="198" hits="1" branch="false"/>
						<line number="202" hits="3" branch="false"/>
						<line number="204" hits="3" branch="true" condition-coverage="100% (2/2)">
							<conditions>
								<condition number="0" type="jump" coverage="100%"/>
							</conditions>
						</line>
						<line number="205" hits="7" branch="true" condition-coverage="100% (2/2)">
							<conditions>
								<condition number="0" type="jump" coverage="100%"/>
							</conditions>
						</line>
						<line number="206" hits="1" branch="false"/>
						<line number="208" hits="6" branch="true" condition-coverage="100% (2/2)">
							<conditions>
								<condition number="0" type="jump" coverage="100%"/>
							</conditions>
						</line>
						<line number="209" hits="12" branch="true" condition-coverage="100% (2/2)">
							<conditions>
								<condition number="0" type="jump" coverage="100%"/>
							</conditions>
						</line>
						<line number="210" hits="2" branch="false"/>
						<line number="212" hits="10" branch="false"/>
						<line number="213" hits="4" branch="false"/>
						<line number="214" hits="1" branch="false"/>
						<line number="219" hits="22" branch="false"/>
						<line number="220" hits="22" branch="false"/>
						<line number="221" hits="22" branch="false"/>
						<line number="222" hits="22" branch="false"/>
						<line number="223" hits="22" branch="false"/>
						<line number="226" hits="1" branch="false"/>
						<line number="230" hits="90" branch="true" condition-coverage="100% (2/2)">
							<conditions>
								<condition number="0" type="jump" coverage="100%"/>
							</conditions>
						</line>
						<line number="231" hits="1" branch="false"/>
						<line number="232" hits="1" branch="false"/>
						<line number="235" hits="89" branch="true" condition-coverage="100% (2/2)">
							<conditions>
								<condition number="0" type="jump" coverage="100%"/>
							</conditions>
						</line>
						<line number="236" hits="3" branch="false"/>
						<line number="238" hits="86" branch="false"/>
						<line number="241" hits="86" branch="true" condition-coverage="100% (2/2)">
							<conditions>
								<condition number="0" type="jump" coverage="100%"/>
							</conditions>
						</line>
						<line number="242" hits="48" branch="false"/>
						<line number="244" hits="38" branch="false"/>
						<line number="246" hits="86" branch="false"/>
						<line number="247" hits="86" branch="false"/>
						<line number="248" hits="86" branch="false"/>
						<line number="253" hits="5" branch="false"/>
						<line number="258" hits="90" branch="true" condition-coverage="50% (1/2)">
							<conditions>
								<condition number="0" type="jump" coverage="50%"/>
							</conditions>
						</line>
						<line number="259" hits="90" branch="true" condition-coverage="50% (1/2)">
							<conditions>
								<condition number="0" type="jump" coverage="50%"/>
							</conditions>
						</line>
						<line number="260" hits="90" branch="false"/>
						<line number="262" hits="0" branch="false"/>
						<line number="265" hits="90" branch="false"/>
						<line number="268" hits="3" branch="false"/>
						<line number="272" hits="2" branch="false"/>
						<line number="273" hits="2" branch="false"/>
						<line number="274" hits="2" branch="false"/>
						<line number="275" hits="2" branch="false"/>
						<line number="276" hits="2" branch="false"/>
					</lines>
				</class>
				<class name="logiikka.peli.Pelilauta" filename="logiikka/peli/Pelilauta.java" line-rate="1.0" branch-rate="1.0" complexity="2.5714285714285716">
					<methods>
						<method name="&lt;init&gt;" signature="()V" line-rate="1.0" branch-rate="1.0" complexity="0">
							<lines>
								<line number="20" hits="63" branch="false"/>
								<line number="21" hits="63" branch="false"/>
								<line number="22" hits="63" branch="false"/>
							</lines>
						</method>
						<method name="asetaNappula" signature="(Llogiikka/nappulat/Nappula;II)V" line-rate="1.0" branch-rate="1.0" complexity="0">
							<lines>
								<line number="29" hits="949" branch="false"/>
								<line number="30" hits="949" branch="true" condition-coverage="100% (2/2)">
									<conditions>
										<condition number="0" type="jump" coverage="100%"/>
									</conditions>
								</line>
								<line number="31" hits="518" branch="false"/>
								<line number="32" hits="518" branch="false"/>
								<line number="34" hits="949" branch="false"/>
							</lines>
						</method>
						<method name="getSize" signature="()I" line-rate="1.0" branch-rate="1.0" complexity="0">
							<lines>
								<line number="25" hits="27982" branch="false"/>
							</lines>
						</method>
						<method name="haeNappula" signature="(II)Llogiikka/nappulat/Nappula;" line-rate="1.0" branch-rate="1.0" complexity="0">
							<lines>
								<line number="37" hits="27007" branch="true" condition-coverage="100% (8/8)">
									<conditions>
										<condition number="0" type="jump" coverage="100%"/>
										<condition number="1" type="jump" coverage="100%"/>
										<condition number="2" type="jump" coverage="100%"/>
										<condition number="3" type="jump" coverage="100%"/>
									</conditions>
								</line>
								<line number="38" hits="5" branch="false"/>
								<line number="40" hits="27002" branch="false"/>
							</lines>
						</method>
						<method name="teeSiirto" signature="(IILlogiikka/nappulat/Nappula;)Z" line-rate="1.0" branch-rate="1.0" complexity="0">
							<lines>
								<line number="45" hits="209" branch="true" condition-coverage="100% (2/2)">
									<conditions>
										<condition number="0" type="jump" coverage="100%"/>
									</conditions>
								</line>
								<line number="46" hits="4" branch="false"/>
								<line number="47" hits="4" branch="false"/>
								<line number="50" hits="205" branch="false"/>
								<line number="51" hits="205" branch="false"/>
								<line number="53" hits="205" branch="false"/>
							</lines>
						</method>
						<method name="teeTestiSiirto" signature="(IILlogiikka/nappulat/Nappula;)V" line-rate="1.0" branch-rate="1.0" complexity="0">
							<lines>
								<line number="59" hits="114" branch="false"/>
								<line number="60" hits="114" branch="false"/>
								<line number="62" hits="114" branch="false"/>
							</lines>
						</method>
						<method name="tulosta" signature="()V" line-rate="1.0" branch-rate="1.0" complexity="0">
							<lines>
								<line number="65" hits="18" branch="true" condition-coverage="100% (2/2)">
									<conditions>
										<condition number="0" type="jump" coverage="100%"/>
									</conditions>
								</line>
								<line number="66" hits="144" branch="true" condition-coverage="100% (2/2)">
									<conditions>
										<condition number="0" type="jump" coverage="100%"/>
									</conditions>
								</line>
								<line number="67" hits="128" branch="true" condition-coverage="100% (2/2)">
									<conditions>
										<condition number="0" type="jump" coverage="100%"/>
									</conditions>
								</line>
								<line number="68" hits="116" branch="false"/>
								<line number="70" hits="12" branch="false"/>
								<line number="73" hits="16" branch="false"/>
								<line number="75" hits="2" branch="false"/>
								<line number="76" hits="2" branch="false"/>
							</lines>
						</method>
					</methods>
					<lines>
						<line number="20" hits="63" branch="false"/>
						<line number="21" hits="63" branch="false"/>
						<line number="22" hits="63" branch="false"/>
						<line number="25" hits="27982" branch="false"/>
						<line number="29" hits="949" branch="false"/>
						<line number="30" hits="949" branch="true" condition-coverage="100% (2/2)">
							<conditions>
								<condition number="0" type="jump" coverage="100%"/>
							</conditions>
						</line>
						<line number="31" hits="518" branch="false"/>
						<line number="32" hits="518" branch="false"/>
						<line number="34" hits="949" branch="false"/>
						<line number="37" hits="27007" branch="true" condition-coverage="100% (8/8)">
							<conditions>
								<condition number="0" type="jump" coverage="100%"/>
								<condition number="1" type="jump" coverage="100%"/>
								<condition number="2" type="jump" coverage="100%"/>
								<condition number="3" type="jump" coverage="100%"/>
							</conditions>
						</line>
						<line number="38" hits="5" branch="false"/>
						<line number="40" hits="27002" branch="false"/>
						<line number="45" hits="209" branch="true" condition-coverage="100% (2/2)">
							<conditions>
								<condition number="0" type="jump" coverage="100%"/>
							</conditions>
						</line>
						<line number="46" hits="4" branch="false"/>
						<line number="47" hits="4" branch="false"/>
						<line number="50" hits="205" branch="false"/>
						<line number="51" hits="205" branch="false"/>
						<line number="53" hits="205" branch="false"/>
						<line number="59" hits="114" branch="false"/>
						<line number="60" hits="114" branch="false"/>
						<line number="62" hits="114" branch="false"/>
						<line number="65" hits="18" branch="true" condition-coverage="100% (2/2)">
							<conditions>
								<condition number="0" type="jump" coverage="100%"/>
							</conditions>
						</line>
						<line number="66" hits="144" branch="true" condition-coverage="100% (2/2)">
							<conditions>
								<condition number="0" type="jump" coverage="100%"/>
							</conditions>
						</line>
						<line number="67" hits="128" branch="true" condition-coverage="100% (2/2)">
							<conditions>
								<condition number="0" type="jump" coverage="100%"/>
							</conditions>
						</line>
						<line number="68" hits="116" branch="false"/>
						<line number="70" hits="12" branch="false"/>
						<line number="73" hits="16" branch="false"/>
						<line number="75" hits="2" branch="false"/>
						<line number="76" hits="2" branch="false"/>
					</lines>
				</class>
				<class name="logiikka.peli.Ruutu" filename="logiikka/peli/Ruutu.java" line-rate="0.6363636363636364" branch-rate="0.625" complexity="2.0">
					<methods>
						<method name="&lt;init&gt;" signature="(II)V" line-rate="1.0" branch-rate="1.0" complexity="0">
							<lines>
								<line number="17" hits="35" branch="false"/>
								<line number="18" hits="35" branch="false"/>
								<line number="19" hits="35" branch="false"/>
								<line number="20" hits="35" branch="false"/>
							</lines>
						</method>
						<method name="equals" signature="(Ljava/lang/Object;)Z" line-rate="0.7" branch-rate="0.625" complexity="0">
							<lines>
								<line number="50" hits="40" branch="true" condition-coverage="50% (1/2)">
									<conditions>
										<condition number="0" type="jump" coverage="50%"/>
									</conditions>
								</line>
								<line number="51" hits="0" branch="false"/>
								<line number="53" hits="40" branch="true" condition-coverage="50% (1/2)">
									<conditions>
										<condition number="0" type="jump" coverage="50%"/>
									</conditions>
								</line>
								<line number="54" hits="0" branch="false"/>
								<line number="56" hits="40" branch="false"/>
								<line number="57" hits="40" branch="true" condition-coverage="50% (1/2)">
									<conditions>
										<condition number="0" type="jump" coverage="50%"/>
									</conditions>
								</line>
								<line number="58" hits="0" branch="false"/>
								<line number="60" hits="40" branch="true" condition-coverage="100% (2/2)">
									<conditions>
										<condition number="0" type="jump" coverage="100%"/>
									</conditions>
								</line>
								<line number="61" hits="26" branch="false"/>
								<line number="63" hits="14" branch="false"/>
							</lines>
						</method>
						<method name="getX" signature="()I" line-rate="1.0" branch-rate="1.0" complexity="0">
							<lines>
								<line number="23" hits="12" branch="false"/>
							</lines>
						</method>
						<method name="getY" signature="()I" line-rate="1.0" branch-rate="1.0" complexity="0">
							<lines>
								<line number="31" hits="12" branch="false"/>
							</lines>
						</method>
						<method name="hashCode" signature="()I" line-rate="0.0" branch-rate="1.0" complexity="0">
							<lines>
								<line number="45" hits="0" branch="false"/>
							</lines>
						</method>
						<method name="setX" signature="(I)V" line-rate="0.0" branch-rate="1.0" complexity="0">
							<lines>
								<line number="27" hits="0" branch="false"/>
								<line number="28" hits="0" branch="false"/>
							</lines>
						</method>
						<method name="setY" signature="(I)V" line-rate="0.0" branch-rate="1.0" complexity="0">
							<lines>
								<line number="35" hits="0" branch="false"/>
								<line number="36" hits="0" branch="false"/>
							</lines>
						</method>
						<method name="toString" signature="()Ljava/lang/String;" line-rate="1.0" branch-rate="1.0" complexity="0">
							<lines>
								<line number="39" hits="5" branch="false"/>
							</lines>
						</method>
					</methods>
					<lines>
						<line number="17" hits="35" branch="false"/>
						<line number="18" hits="35" branch="false"/>
						<line number="19" hits="35" branch="false"/>
						<line number="20" hits="35" branch="false"/>
						<line number="23" hits="12" branch="false"/>
						<line number="27" hits="0" branch="false"/>
						<line number="28" hits="0" branch="false"/>
						<line number="31" hits="12" branch="false"/>
						<line number="35" hits="0" branch="false"/>
						<line number="36" hits="0" branch="false"/>
						<line number="39" hits="5" branch="false"/>
						<line number="45" hits="0" branch="false"/>
						<line number="50" hits="40" branch="true" condition-coverage="50% (1/2)">
							<conditions>
								<condition number="0" type="jump" coverage="50%"/>
							</conditions>
						</line>
						<line number="51" hits="0" branch="false"/>
						<line number="53" hits="40" branch="true" condition-coverage="50% (1/2)">
							<conditions>
								<condition number="0" type="jump" coverage="50%"/>
							</conditions>
						</line>
						<line number="54" hits="0" branch="false"/>
						<line number="56" hits="40" branch="false"/>
						<line number="57" hits="40" branch="true" condition-coverage="50% (1/2)">
							<conditions>
								<condition number="0" type="jump" coverage="50%"/>
							</conditions>
						</line>
						<line number="58" hits="0" branch="false"/>
						<line number="60" hits="40" branch="true" condition-coverage="100% (2/2)">
							<conditions>
								<condition number="0" type="jump" coverage="100%"/>
							</conditions>
						</line>
						<line number="61" hits="26" branch="false"/>
						<line number="63" hits="14" branch="false"/>
					</lines>
				</class>
			</classes>
		</package>
	</packages>
</coverage>
